<?xml version="1.0" encoding="UTF-8"?>
<testsuite name="TestSuite" time="0.016" tests="4" errors="0" skipped="0" failures="0">
  <properties>
    <property name="java.runtime.name" value="Java(TM) SE Runtime Environment"/>
    <property name="sun.boot.library.path" value="C:\Program Files\Java\jdk1.7.0_72\jre\bin"/>
    <property name="java.vm.version" value="24.72-b04"/>
    <property name="user.country.format" value="UA"/>
    <property name="java.vm.vendor" value="Oracle Corporation"/>
    <property name="maven.multiModuleProjectDirectory" value="D:\Education\workspace\LQASMAVEN\LQASMaven"/>
    <property name="java.vendor.url" value="http://java.oracle.com/"/>
    <property name="path.separator" value=";"/>
    <property name="guice.disable.misplaced.annotation.check" value="true"/>
    <property name="java.vm.name" value="Java HotSpot(TM) 64-Bit Server VM"/>
    <property name="file.encoding.pkg" value="sun.io"/>
    <property name="user.script" value=""/>
    <property name="user.country" value="GB"/>
    <property name="sun.java.launcher" value="SUN_STANDARD"/>
    <property name="sun.os.patch.level" value=""/>
    <property name="java.vm.specification.name" value="Java Virtual Machine Specification"/>
    <property name="user.dir" value="D:\Education\workspace\LQASMAVEN\LQASMaven"/>
    <property name="java.runtime.version" value="1.7.0_72-b14"/>
    <property name="java.awt.graphicsenv" value="sun.awt.Win32GraphicsEnvironment"/>
    <property name="java.endorsed.dirs" value="C:\Program Files\Java\jdk1.7.0_72\jre\lib\endorsed"/>
    <property name="os.arch" value="amd64"/>
    <property name="java.io.tmpdir" value="C:\Users\maria\AppData\Local\Temp\"/>
    <property name="line.separator" value="&#10;"/>
    <property name="java.vm.specification.vendor" value="Oracle Corporation"/>
    <property name="user.variant" value=""/>
    <property name="os.name" value="Windows 8"/>
    <property name="classworlds.conf" value="D:\temp\atlassian-plugin-sdk\apache-maven-3.3.3\bin\m2.conf"/>
    <property name="sun.jnu.encoding" value="Cp1251"/>
    <property name="java.library.path" value="C:\Program Files\Java\jdk1.7.0_72\bin;C:\windows\Sun\Java\bin;C:\windows\system32;C:\windows;C:\Program Files\7-Zip;C:\Program Files\Java\jdk1.7.0_72\bin;D:\temp\atlassian-plugin-sdk\apache-maven-3.3.3\bin;C:\Program Files\TortoiseGit\bin;D:\Trennings\_Trainings\Trening_3\Preparations\IEDriverServer;D:\Trennings\_Trainings\Trening_3\Preparations\chromedriver;d:\apache-jmeter-2.11\bin;C:\windows\system32;C:\windows;C:\windows\System32\Wbem;C:\windows\System32\WindowsPowerShell\v1.0\;C:\Program Files (x86)\Skype\Phone\;C:\Users\maria\AppData\Local\Programs\EmEditor;."/>
    <property name="java.specification.name" value="Java Platform API Specification"/>
    <property name="java.class.version" value="51.0"/>
    <property name="sun.management.compiler" value="HotSpot 64-Bit Tiered Compilers"/>
    <property name="os.version" value="6.2"/>
    <property name="user.home" value="C:\Users\maria"/>
    <property name="user.timezone" value="Europe/Helsinki"/>
    <property name="java.awt.printerjob" value="sun.awt.windows.WPrinterJob"/>
    <property name="java.specification.version" value="1.7"/>
    <property name="file.encoding" value="Cp1251"/>
    <property name="user.name" value="maria"/>
    <property name="java.class.path" value="D:\temp\atlassian-plugin-sdk\apache-maven-3.3.3\boot\plexus-classworlds-2.5.2.jar"/>
    <property name="java.vm.specification.version" value="1.7"/>
    <property name="sun.arch.data.model" value="64"/>
    <property name="java.home" value="C:\Program Files\Java\jdk1.7.0_72\jre"/>
    <property name="sun.java.command" value="org.codehaus.plexus.classworlds.launcher.Launcher clean test"/>
    <property name="java.specification.vendor" value="Oracle Corporation"/>
    <property name="user.language" value="en"/>
    <property name="user.language.format" value="uk"/>
    <property name="awt.toolkit" value="sun.awt.windows.WToolkit"/>
    <property name="java.vm.info" value="mixed mode"/>
    <property name="java.version" value="1.7.0_72"/>
    <property name="java.ext.dirs" value="C:\Program Files\Java\jdk1.7.0_72\jre\lib\ext;C:\windows\Sun\Java\lib\ext"/>
    <property name="sun.boot.class.path" value="C:\Program Files\Java\jdk1.7.0_72\jre\lib\resources.jar;C:\Program Files\Java\jdk1.7.0_72\jre\lib\rt.jar;C:\Program Files\Java\jdk1.7.0_72\jre\lib\sunrsasign.jar;C:\Program Files\Java\jdk1.7.0_72\jre\lib\jsse.jar;C:\Program Files\Java\jdk1.7.0_72\jre\lib\jce.jar;C:\Program Files\Java\jdk1.7.0_72\jre\lib\charsets.jar;C:\Program Files\Java\jdk1.7.0_72\jre\lib\jfr.jar;C:\Program Files\Java\jdk1.7.0_72\jre\classes"/>
    <property name="java.vendor" value="Oracle Corporation"/>
    <property name="maven.home" value="D:\temp\atlassian-plugin-sdk\apache-maven-3.3.3"/>
    <property name="file.separator" value="\"/>
    <property name="java.vendor.url.bug" value="http://bugreport.sun.com/bugreport/"/>
    <property name="sun.cpu.endian" value="little"/>
    <property name="sun.io.unicode.encoding" value="UnicodeLittle"/>
    <property name="sun.desktop" value="windows"/>
    <property name="sun.cpu.isalist" value="amd64"/>
  </properties>
  <testcase name="forthTest" classname="lqas.automation.AppTest1" time="0.016"/>
  <testcase name="thirdtTest" classname="lqas.automation.AppTest1" time="0"/>
  <testcase name="firstTest" classname="lqas.automation.AppTest" time="0"/>
  <testcase name="secondTest" classname="lqas.automation.AppTest" time="0"/>
</testsuite>