<?xml version="1.0" encoding="UTF-8"?>
<!-- Generated by org.testng.reporters.JUnitReportReporter -->
<testsuite hostname="CP1354" name="lqas.automation.AppTest2" tests="2" failures="0" timestamp="6 Oct 2015 14:04:11 GMT" time="0.011" errors="0">
  <testcase name="thirdtTest" time="0.000" classname="lqas.automation.AppTest2"/>
  <testcase name="forthTest" time="0.011" classname="lqas.automation.AppTest2"/>
</testsuite> <!-- lqas.automation.AppTest2 -->
