<?xml version="1.0" encoding="UTF-8"?>
<!-- Generated by org.testng.reporters.JUnitReportReporter -->
<testsuite hostname="CP1354" name="lqas.automation.AppTest" tests="2" failures="0" timestamp="30 Oct 2015 07:42:31 GMT" time="0.063" errors="0">
  <testcase name="firstTest" time="0.063" classname="lqas.automation.AppTest"/>
  <testcase name="secondTest" time="0.000" classname="lqas.automation.AppTest"/>
</testsuite> <!-- lqas.automation.AppTest -->
