<?xml version="1.0" encoding="UTF-8"?>
<!-- Generated by org.testng.reporters.JUnitReportReporter -->
<testsuite hostname="CP1354" name="lqas.automation.AppTest1" tests="2" failures="0" timestamp="9 Oct 2015 09:10:10 GMT" time="0.000" errors="0">
  <testcase name="thirdtTest" time="0.000" classname="lqas.automation.AppTest1"/>
  <testcase name="forthTest" time="0.000" classname="lqas.automation.AppTest1"/>
</testsuite> <!-- lqas.automation.AppTest1 -->
